Compiling the C compiler identification source file "CMakeCCompilerId.c" failed.
Compiler: C:/Users/สรวิชญ์/.espressif/tools/xtensa-esp-elf/esp-13.2.0_20240530/xtensa-esp-elf/bin/xtensa-esp32-elf-gcc.exe 
Build flags: -mlongcalls;-Wno-frame-address;;-fno-builtin-memcpy;-fno-builtin-memset;-fno-builtin-bzero;-fno-builtin-stpcpy;-fno-builtin-strncpy
Id flags:  

The output was:
101
thread 'main' panicked at 'assertion failed: `(left != right)`
  left: `0`,
 right: `0`: Failed to get path name. Error code: 3', main.rs:65:9
note: run with `RUST_BACKTRACE=1` environment variable to display a backtrace


Compiling the C compiler identification source file "CMakeCCompilerId.c" failed.
Compiler: C:/Users/สรวิชญ์/.espressif/tools/xtensa-esp-elf/esp-13.2.0_20240530/xtensa-esp-elf/bin/xtensa-esp32-elf-gcc.exe 
Build flags: -mlongcalls;-Wno-frame-address;;-fno-builtin-memcpy;-fno-builtin-memset;-fno-builtin-bzero;-fno-builtin-stpcpy;-fno-builtin-strncpy
Id flags: -c 

The output was:
101
thread 'main' panicked at 'assertion failed: `(left != right)`
  left: `0`,
 right: `0`: Failed to get path name. Error code: 3', main.rs:65:9
note: run with `RUST_BACKTRACE=1` environment variable to display a backtrace


Compiling the C compiler identification source file "CMakeCCompilerId.c" failed.
Compiler: C:/Users/สรวิชญ์/.espressif/tools/xtensa-esp-elf/esp-13.2.0_20240530/xtensa-esp-elf/bin/xtensa-esp32-elf-gcc.exe 
Build flags: -mlongcalls;-Wno-frame-address;;-fno-builtin-memcpy;-fno-builtin-memset;-fno-builtin-bzero;-fno-builtin-stpcpy;-fno-builtin-strncpy
Id flags: -Aa 

The output was:
101
thread 'main' panicked at 'assertion failed: `(left != right)`
  left: `0`,
 right: `0`: Failed to get path name. Error code: 3', main.rs:65:9
note: run with `RUST_BACKTRACE=1` environment variable to display a backtrace


Compiling the C compiler identification source file "CMakeCCompilerId.c" failed.
Compiler: C:/Users/สรวิชญ์/.espressif/tools/xtensa-esp-elf/esp-13.2.0_20240530/xtensa-esp-elf/bin/xtensa-esp32-elf-gcc.exe 
Build flags: -mlongcalls;-Wno-frame-address;;-fno-builtin-memcpy;-fno-builtin-memset;-fno-builtin-bzero;-fno-builtin-stpcpy;-fno-builtin-strncpy
Id flags: -D__CLASSIC_C__ 

The output was:
101
thread 'main' panicked at 'assertion failed: `(left != right)`
  left: `0`,
 right: `0`: Failed to get path name. Error code: 3', main.rs:65:9
note: run with `RUST_BACKTRACE=1` environment variable to display a backtrace


Compiling the C compiler identification source file "CMakeCCompilerId.c" failed.
Compiler: C:/Users/สรวิชญ์/.espressif/tools/xtensa-esp-elf/esp-13.2.0_20240530/xtensa-esp-elf/bin/xtensa-esp32-elf-gcc.exe 
Build flags: -mlongcalls;-Wno-frame-address;;-fno-builtin-memcpy;-fno-builtin-memset;-fno-builtin-bzero;-fno-builtin-stpcpy;-fno-builtin-strncpy
Id flags: --target=arm-arm-none-eabi;-mcpu=cortex-m3 

The output was:
101
thread 'main' panicked at 'assertion failed: `(left != right)`
  left: `0`,
 right: `0`: Failed to get path name. Error code: 3', main.rs:65:9
note: run with `RUST_BACKTRACE=1` environment variable to display a backtrace


Compiling the C compiler identification source file "CMakeCCompilerId.c" failed.
Compiler: C:/Users/สรวิชญ์/.espressif/tools/xtensa-esp-elf/esp-13.2.0_20240530/xtensa-esp-elf/bin/xtensa-esp32-elf-gcc.exe 
Build flags: -mlongcalls;-Wno-frame-address;;-fno-builtin-memcpy;-fno-builtin-memset;-fno-builtin-bzero;-fno-builtin-stpcpy;-fno-builtin-strncpy
Id flags: -c;-I__does_not_exist__ 

The output was:
101
thread 'main' panicked at 'assertion failed: `(left != right)`
  left: `0`,
 right: `0`: Failed to get path name. Error code: 3', main.rs:65:9
note: run with `RUST_BACKTRACE=1` environment variable to display a backtrace


Compiling the C compiler identification source file "CMakeCCompilerId.c" failed.
Compiler: C:/Users/สรวิชญ์/.espressif/tools/xtensa-esp-elf/esp-13.2.0_20240530/xtensa-esp-elf/bin/xtensa-esp32-elf-gcc.exe 
Build flags: 
Id flags:  

The output was:
101
thread 'main' panicked at 'assertion failed: `(left != right)`
  left: `0`,
 right: `0`: Failed to get path name. Error code: 3', main.rs:65:9
note: run with `RUST_BACKTRACE=1` environment variable to display a backtrace


Compiling the C compiler identification source file "CMakeCCompilerId.c" failed.
Compiler: C:/Users/สรวิชญ์/.espressif/tools/xtensa-esp-elf/esp-13.2.0_20240530/xtensa-esp-elf/bin/xtensa-esp32-elf-gcc.exe 
Build flags: 
Id flags: -c 

The output was:
101
thread 'main' panicked at 'assertion failed: `(left != right)`
  left: `0`,
 right: `0`: Failed to get path name. Error code: 3', main.rs:65:9
note: run with `RUST_BACKTRACE=1` environment variable to display a backtrace


Compiling the C compiler identification source file "CMakeCCompilerId.c" failed.
Compiler: C:/Users/สรวิชญ์/.espressif/tools/xtensa-esp-elf/esp-13.2.0_20240530/xtensa-esp-elf/bin/xtensa-esp32-elf-gcc.exe 
Build flags: 
Id flags: -Aa 

The output was:
101
thread 'main' panicked at 'assertion failed: `(left != right)`
  left: `0`,
 right: `0`: Failed to get path name. Error code: 3', main.rs:65:9
note: run with `RUST_BACKTRACE=1` environment variable to display a backtrace


Compiling the C compiler identification source file "CMakeCCompilerId.c" failed.
Compiler: C:/Users/สรวิชญ์/.espressif/tools/xtensa-esp-elf/esp-13.2.0_20240530/xtensa-esp-elf/bin/xtensa-esp32-elf-gcc.exe 
Build flags: 
Id flags: -D__CLASSIC_C__ 

The output was:
101
thread 'main' panicked at 'assertion failed: `(left != right)`
  left: `0`,
 right: `0`: Failed to get path name. Error code: 3', main.rs:65:9
note: run with `RUST_BACKTRACE=1` environment variable to display a backtrace


Compiling the C compiler identification source file "CMakeCCompilerId.c" failed.
Compiler: C:/Users/สรวิชญ์/.espressif/tools/xtensa-esp-elf/esp-13.2.0_20240530/xtensa-esp-elf/bin/xtensa-esp32-elf-gcc.exe 
Build flags: 
Id flags: --target=arm-arm-none-eabi;-mcpu=cortex-m3 

The output was:
101
thread 'main' panicked at 'assertion failed: `(left != right)`
  left: `0`,
 right: `0`: Failed to get path name. Error code: 3', main.rs:65:9
note: run with `RUST_BACKTRACE=1` environment variable to display a backtrace


Compiling the C compiler identification source file "CMakeCCompilerId.c" failed.
Compiler: C:/Users/สรวิชญ์/.espressif/tools/xtensa-esp-elf/esp-13.2.0_20240530/xtensa-esp-elf/bin/xtensa-esp32-elf-gcc.exe 
Build flags: 
Id flags: -c;-I__does_not_exist__ 

The output was:
101
thread 'main' panicked at 'assertion failed: `(left != right)`
  left: `0`,
 right: `0`: Failed to get path name. Error code: 3', main.rs:65:9
note: run with `RUST_BACKTRACE=1` environment variable to display a backtrace


Checking whether the C compiler is IAR using "" did not match "IAR .+ Compiler":
thread 'main' panicked at 'assertion failed: `(left != right)`
  left: `0`,
 right: `0`: Failed to get path name. Error code: 3', main.rs:65:9
note: run with `RUST_BACKTRACE=1` environment variable to display a backtrace
Checking whether the C compiler is IAR using "" did not match "IAR .+ Compiler":
thread 'main' panicked at 'assertion failed: `(left != right)`
  left: `0`,
 right: `0`: Failed to get path name. Error code: 3', main.rs:65:9
note: run with `RUST_BACKTRACE=1` environment variable to display a backtrace
Compiling the CXX compiler identification source file "CMakeCXXCompilerId.cpp" failed.
Compiler: C:/Users/สรวิชญ์/.espressif/tools/xtensa-esp-elf/esp-13.2.0_20240530/xtensa-esp-elf/bin/xtensa-esp32-elf-g++.exe 
Build flags: -mlongcalls;-Wno-frame-address;;-fno-builtin-memcpy;-fno-builtin-memset;-fno-builtin-bzero;-fno-builtin-stpcpy;-fno-builtin-strncpy
Id flags:  

The output was:
101
thread 'main' panicked at 'assertion failed: `(left != right)`
  left: `0`,
 right: `0`: Failed to get path name. Error code: 3', main.rs:65:9
note: run with `RUST_BACKTRACE=1` environment variable to display a backtrace


Compiling the CXX compiler identification source file "CMakeCXXCompilerId.cpp" failed.
Compiler: C:/Users/สรวิชญ์/.espressif/tools/xtensa-esp-elf/esp-13.2.0_20240530/xtensa-esp-elf/bin/xtensa-esp32-elf-g++.exe 
Build flags: -mlongcalls;-Wno-frame-address;;-fno-builtin-memcpy;-fno-builtin-memset;-fno-builtin-bzero;-fno-builtin-stpcpy;-fno-builtin-strncpy
Id flags: -c 

The output was:
101
thread 'main' panicked at 'assertion failed: `(left != right)`
  left: `0`,
 right: `0`: Failed to get path name. Error code: 3', main.rs:65:9
note: run with `RUST_BACKTRACE=1` environment variable to display a backtrace


Compiling the CXX compiler identification source file "CMakeCXXCompilerId.cpp" failed.
Compiler: C:/Users/สรวิชญ์/.espressif/tools/xtensa-esp-elf/esp-13.2.0_20240530/xtensa-esp-elf/bin/xtensa-esp32-elf-g++.exe 
Build flags: -mlongcalls;-Wno-frame-address;;-fno-builtin-memcpy;-fno-builtin-memset;-fno-builtin-bzero;-fno-builtin-stpcpy;-fno-builtin-strncpy
Id flags: --c++ 

The output was:
101
thread 'main' panicked at 'assertion failed: `(left != right)`
  left: `0`,
 right: `0`: Failed to get path name. Error code: 3', main.rs:65:9
note: run with `RUST_BACKTRACE=1` environment variable to display a backtrace


Compiling the CXX compiler identification source file "CMakeCXXCompilerId.cpp" failed.
Compiler: C:/Users/สรวิชญ์/.espressif/tools/xtensa-esp-elf/esp-13.2.0_20240530/xtensa-esp-elf/bin/xtensa-esp32-elf-g++.exe 
Build flags: -mlongcalls;-Wno-frame-address;;-fno-builtin-memcpy;-fno-builtin-memset;-fno-builtin-bzero;-fno-builtin-stpcpy;-fno-builtin-strncpy
Id flags: --ec++ 

The output was:
101
thread 'main' panicked at 'assertion failed: `(left != right)`
  left: `0`,
 right: `0`: Failed to get path name. Error code: 3', main.rs:65:9
note: run with `RUST_BACKTRACE=1` environment variable to display a backtrace


Compiling the CXX compiler identification source file "CMakeCXXCompilerId.cpp" failed.
Compiler: C:/Users/สรวิชญ์/.espressif/tools/xtensa-esp-elf/esp-13.2.0_20240530/xtensa-esp-elf/bin/xtensa-esp32-elf-g++.exe 
Build flags: -mlongcalls;-Wno-frame-address;;-fno-builtin-memcpy;-fno-builtin-memset;-fno-builtin-bzero;-fno-builtin-stpcpy;-fno-builtin-strncpy
Id flags: --target=arm-arm-none-eabi;-mcpu=cortex-m3 

The output was:
101
thread 'main' panicked at 'assertion failed: `(left != right)`
  left: `0`,
 right: `0`: Failed to get path name. Error code: 3', main.rs:65:9
note: run with `RUST_BACKTRACE=1` environment variable to display a backtrace


Compiling the CXX compiler identification source file "CMakeCXXCompilerId.cpp" failed.
Compiler: C:/Users/สรวิชญ์/.espressif/tools/xtensa-esp-elf/esp-13.2.0_20240530/xtensa-esp-elf/bin/xtensa-esp32-elf-g++.exe 
Build flags: -mlongcalls;-Wno-frame-address;;-fno-builtin-memcpy;-fno-builtin-memset;-fno-builtin-bzero;-fno-builtin-stpcpy;-fno-builtin-strncpy
Id flags: -c;-I__does_not_exist__ 

The output was:
101
thread 'main' panicked at 'assertion failed: `(left != right)`
  left: `0`,
 right: `0`: Failed to get path name. Error code: 3', main.rs:65:9
note: run with `RUST_BACKTRACE=1` environment variable to display a backtrace


Compiling the CXX compiler identification source file "CMakeCXXCompilerId.cpp" failed.
Compiler: C:/Users/สรวิชญ์/.espressif/tools/xtensa-esp-elf/esp-13.2.0_20240530/xtensa-esp-elf/bin/xtensa-esp32-elf-g++.exe 
Build flags: 
Id flags:  

The output was:
101
thread 'main' panicked at 'assertion failed: `(left != right)`
  left: `0`,
 right: `0`: Failed to get path name. Error code: 3', main.rs:65:9
note: run with `RUST_BACKTRACE=1` environment variable to display a backtrace


Compiling the CXX compiler identification source file "CMakeCXXCompilerId.cpp" failed.
Compiler: C:/Users/สรวิชญ์/.espressif/tools/xtensa-esp-elf/esp-13.2.0_20240530/xtensa-esp-elf/bin/xtensa-esp32-elf-g++.exe 
Build flags: 
Id flags: -c 

The output was:
101
thread 'main' panicked at 'assertion failed: `(left != right)`
  left: `0`,
 right: `0`: Failed to get path name. Error code: 3', main.rs:65:9
note: run with `RUST_BACKTRACE=1` environment variable to display a backtrace


Compiling the CXX compiler identification source file "CMakeCXXCompilerId.cpp" failed.
Compiler: C:/Users/สรวิชญ์/.espressif/tools/xtensa-esp-elf/esp-13.2.0_20240530/xtensa-esp-elf/bin/xtensa-esp32-elf-g++.exe 
Build flags: 
Id flags: --c++ 

The output was:
101
thread 'main' panicked at 'assertion failed: `(left != right)`
  left: `0`,
 right: `0`: Failed to get path name. Error code: 3', main.rs:65:9
note: run with `RUST_BACKTRACE=1` environment variable to display a backtrace


Compiling the CXX compiler identification source file "CMakeCXXCompilerId.cpp" failed.
Compiler: C:/Users/สรวิชญ์/.espressif/tools/xtensa-esp-elf/esp-13.2.0_20240530/xtensa-esp-elf/bin/xtensa-esp32-elf-g++.exe 
Build flags: 
Id flags: --ec++ 

The output was:
101
thread 'main' panicked at 'assertion failed: `(left != right)`
  left: `0`,
 right: `0`: Failed to get path name. Error code: 3', main.rs:65:9
note: run with `RUST_BACKTRACE=1` environment variable to display a backtrace


Compiling the CXX compiler identification source file "CMakeCXXCompilerId.cpp" failed.
Compiler: C:/Users/สรวิชญ์/.espressif/tools/xtensa-esp-elf/esp-13.2.0_20240530/xtensa-esp-elf/bin/xtensa-esp32-elf-g++.exe 
Build flags: 
Id flags: --target=arm-arm-none-eabi;-mcpu=cortex-m3 

The output was:
101
thread 'main' panicked at 'assertion failed: `(left != right)`
  left: `0`,
 right: `0`: Failed to get path name. Error code: 3', main.rs:65:9
note: run with `RUST_BACKTRACE=1` environment variable to display a backtrace


Compiling the CXX compiler identification source file "CMakeCXXCompilerId.cpp" failed.
Compiler: C:/Users/สรวิชญ์/.espressif/tools/xtensa-esp-elf/esp-13.2.0_20240530/xtensa-esp-elf/bin/xtensa-esp32-elf-g++.exe 
Build flags: 
Id flags: -c;-I__does_not_exist__ 

The output was:
101
thread 'main' panicked at 'assertion failed: `(left != right)`
  left: `0`,
 right: `0`: Failed to get path name. Error code: 3', main.rs:65:9
note: run with `RUST_BACKTRACE=1` environment variable to display a backtrace


Checking whether the CXX compiler is IAR using "" did not match "IAR .+ Compiler":
thread 'main' panicked at 'assertion failed: `(left != right)`
  left: `0`,
 right: `0`: Failed to get path name. Error code: 3', main.rs:65:9
note: run with `RUST_BACKTRACE=1` environment variable to display a backtrace
Checking whether the CXX compiler is IAR using "" did not match "IAR .+ Compiler":
thread 'main' panicked at 'assertion failed: `(left != right)`
  left: `0`,
 right: `0`: Failed to get path name. Error code: 3', main.rs:65:9
note: run with `RUST_BACKTRACE=1` environment variable to display a backtrace
Checking whether the ASM compiler is GNU using "--version" did not match "(GNU assembler)|(GCC)|(Free Software Foundation)":
thread 'main' panicked at 'assertion failed: `(left != right)`
  left: `0`,
 right: `0`: Failed to get path name. Error code: 3', main.rs:65:9
note: run with `RUST_BACKTRACE=1` environment variable to display a backtrace
Checking whether the ASM compiler is Clang using "--version" did not match "(clang version)":
thread 'main' panicked at 'assertion failed: `(left != right)`
  left: `0`,
 right: `0`: Failed to get path name. Error code: 3', main.rs:65:9
note: run with `RUST_BACKTRACE=1` environment variable to display a backtrace
Checking whether the ASM compiler is AppleClang using "--version" did not match "(Apple LLVM version)":
thread 'main' panicked at 'assertion failed: `(left != right)`
  left: `0`,
 right: `0`: Failed to get path name. Error code: 3', main.rs:65:9
note: run with `RUST_BACKTRACE=1` environment variable to display a backtrace
Checking whether the ASM compiler is ARMClang using "--version" did not match "armclang":
thread 'main' panicked at 'assertion failed: `(left != right)`
  left: `0`,
 right: `0`: Failed to get path name. Error code: 3', main.rs:65:9
note: run with `RUST_BACKTRACE=1` environment variable to display a backtrace
Checking whether the ASM compiler is HP using "-V" did not match "HP C":
thread 'main' panicked at 'assertion failed: `(left != right)`
  left: `0`,
 right: `0`: Failed to get path name. Error code: 3', main.rs:65:9
note: run with `RUST_BACKTRACE=1` environment variable to display a backtrace
Checking whether the ASM compiler is Intel using "--version" did not match "(ICC)":
thread 'main' panicked at 'assertion failed: `(left != right)`
  left: `0`,
 right: `0`: Failed to get path name. Error code: 3', main.rs:65:9
note: run with `RUST_BACKTRACE=1` environment variable to display a backtrace
Checking whether the ASM compiler is IntelLLVM using "--version" did not match "(Intel[^
]+oneAPI)":
thread 'main' panicked at 'assertion failed: `(left != right)`
  left: `0`,
 right: `0`: Failed to get path name. Error code: 3', main.rs:65:9
note: run with `RUST_BACKTRACE=1` environment variable to display a backtrace
Checking whether the ASM compiler is SunPro using "-V" did not match "Sun C":
thread 'main' panicked at 'assertion failed: `(left != right)`
  left: `0`,
 right: `0`: Failed to get path name. Error code: 3', main.rs:65:9
note: run with `RUST_BACKTRACE=1` environment variable to display a backtrace
Checking whether the ASM compiler is XL using "-qversion" did not match "XL C":
thread 'main' panicked at 'assertion failed: `(left != right)`
  left: `0`,
 right: `0`: Failed to get path name. Error code: 3', main.rs:65:9
note: run with `RUST_BACKTRACE=1` environment variable to display a backtrace
Checking whether the ASM compiler is MSVC using "-?" did not match "Microsoft":
thread 'main' panicked at 'assertion failed: `(left != right)`
  left: `0`,
 right: `0`: Failed to get path name. Error code: 3', main.rs:65:9
note: run with `RUST_BACKTRACE=1` environment variable to display a backtrace
Checking whether the ASM compiler is TI using "-h" did not match "Texas Instruments":
thread 'main' panicked at 'assertion failed: `(left != right)`
  left: `0`,
 right: `0`: Failed to get path name. Error code: 3', main.rs:65:9
note: run with `RUST_BACKTRACE=1` environment variable to display a backtrace
Checking whether the ASM compiler is IAR using "" did not match "IAR Assembler":
thread 'main' panicked at 'assertion failed: `(left != right)`
  left: `0`,
 right: `0`: Failed to get path name. Error code: 3', main.rs:65:9
note: run with `RUST_BACKTRACE=1` environment variable to display a backtrace
Checking whether the ASM compiler is ARMCC using "" did not match "(ARM Compiler)|(ARM Assembler)|(Arm Compiler)":
thread 'main' panicked at 'assertion failed: `(left != right)`
  left: `0`,
 right: `0`: Failed to get path name. Error code: 3', main.rs:65:9
note: run with `RUST_BACKTRACE=1` environment variable to display a backtrace
Checking whether the ASM compiler is NASM using "-v" did not match "(NASM version)":
thread 'main' panicked at 'assertion failed: `(left != right)`
  left: `0`,
 right: `0`: Failed to get path name. Error code: 3', main.rs:65:9
note: run with `RUST_BACKTRACE=1` environment variable to display a backtrace
Checking whether the ASM compiler is YASM using "--version" did not match "(yasm)":
thread 'main' panicked at 'assertion failed: `(left != right)`
  left: `0`,
 right: `0`: Failed to get path name. Error code: 3', main.rs:65:9
note: run with `RUST_BACKTRACE=1` environment variable to display a backtrace
Checking whether the ASM compiler is ADSP using "-version" did not match "Analog Devices":
thread 'main' panicked at 'assertion failed: `(left != right)`
  left: `0`,
 right: `0`: Failed to get path name. Error code: 3', main.rs:65:9
note: run with `RUST_BACKTRACE=1` environment variable to display a backtrace
Checking whether the ASM compiler is QCC using "-V" did not match "gcc_nto":
thread 'main' panicked at 'assertion failed: `(left != right)`
  left: `0`,
 right: `0`: Failed to get path name. Error code: 3', main.rs:65:9
note: run with `RUST_BACKTRACE=1` environment variable to display a backtrace
Detecting C compiler ABI info failed to compile with the following output:
Change Dir: E:/.Computer Lau/P3_ESP32/blink/build/CMakeFiles/CMakeTmp

Run Build Command(s):C:/Users/สรวิชญ์/.espressif/tools/ninja/1.11.1/ninja.exe cmTC_eadf0 && [1/2] Building C object CMakeFiles\cmTC_eadf0.dir\CMakeCCompilerABI.c.obj
FAILED: CMakeFiles/cmTC_eadf0.dir/CMakeCCompilerABI.c.obj 
C:\Users\เธชเธฃเธงเธดเธเธเน\.espressif\tools\xtensa-esp-elf\esp-13.2.0_20240530\xtensa-esp-elf\bin\xtensa-esp32-elf-gcc.exe   -mlongcalls -Wno-frame-address  -fno-builtin-memcpy -fno-builtin-memset -fno-builtin-bzero -fno-builtin-stpcpy -fno-builtin-strncpy -o CMakeFiles\cmTC_eadf0.dir\CMakeCCompilerABI.c.obj -c C:\Users\เธชเธฃเธงเธดเธเธเน\.espressif\tools\cmake\3.24.0\share\cmake-3.24\Modules\CMakeCCompilerABI.c
thread 'main' panicked at 'assertion failed: `(left != right)`
  left: `0`,
 right: `0`: Failed to get path name. Error code: 3', main.rs:65:9
note: run with `RUST_BACKTRACE=1` environment variable to display a backtrace
ninja: build stopped: subcommand failed.




Determining if the C compiler works failed with the following output:
Change Dir: E:/.Computer Lau/P3_ESP32/blink/build/CMakeFiles/CMakeTmp

Run Build Command(s):C:/Users/สรวิชญ์/.espressif/tools/ninja/1.11.1/ninja.exe cmTC_36660 && [1/2] Building C object CMakeFiles\cmTC_36660.dir\testCCompiler.c.obj
FAILED: CMakeFiles/cmTC_36660.dir/testCCompiler.c.obj 
C:\Users\เธชเธฃเธงเธดเธเธเน\.espressif\tools\xtensa-esp-elf\esp-13.2.0_20240530\xtensa-esp-elf\bin\xtensa-esp32-elf-gcc.exe   -mlongcalls -Wno-frame-address  -fno-builtin-memcpy -fno-builtin-memset -fno-builtin-bzero -fno-builtin-stpcpy -fno-builtin-strncpy -o CMakeFiles\cmTC_36660.dir\testCCompiler.c.obj -c "E:\.Computer Lau\P3_ESP32\blink\build\CMakeFiles\CMakeTmp\testCCompiler.c"
thread 'main' panicked at 'assertion failed: `(left != right)`
  left: `0`,
 right: `0`: Failed to get path name. Error code: 3', main.rs:65:9
note: run with `RUST_BACKTRACE=1` environment variable to display a backtrace
ninja: build stopped: subcommand failed.



Compiling the C compiler identification source file "CMakeCCompilerId.c" failed.
Compiler: C:/Users/สรวิชญ์/.espressif/tools/xtensa-esp-elf/esp-13.2.0_20240530/xtensa-esp-elf/bin/xtensa-esp32-elf-gcc.exe 
Build flags: -mlongcalls;-Wno-frame-address;;-fno-builtin-memcpy;-fno-builtin-memset;-fno-builtin-bzero;-fno-builtin-stpcpy;-fno-builtin-strncpy
Id flags:  

The output was:
101
thread 'main' panicked at 'assertion failed: `(left != right)`
  left: `0`,
 right: `0`: Failed to get path name. Error code: 3', main.rs:65:9
note: run with `RUST_BACKTRACE=1` environment variable to display a backtrace


Compiling the C compiler identification source file "CMakeCCompilerId.c" failed.
Compiler: C:/Users/สรวิชญ์/.espressif/tools/xtensa-esp-elf/esp-13.2.0_20240530/xtensa-esp-elf/bin/xtensa-esp32-elf-gcc.exe 
Build flags: -mlongcalls;-Wno-frame-address;;-fno-builtin-memcpy;-fno-builtin-memset;-fno-builtin-bzero;-fno-builtin-stpcpy;-fno-builtin-strncpy
Id flags: -c 

The output was:
101
thread 'main' panicked at 'assertion failed: `(left != right)`
  left: `0`,
 right: `0`: Failed to get path name. Error code: 3', main.rs:65:9
note: run with `RUST_BACKTRACE=1` environment variable to display a backtrace


Compiling the C compiler identification source file "CMakeCCompilerId.c" failed.
Compiler: C:/Users/สรวิชญ์/.espressif/tools/xtensa-esp-elf/esp-13.2.0_20240530/xtensa-esp-elf/bin/xtensa-esp32-elf-gcc.exe 
Build flags: -mlongcalls;-Wno-frame-address;;-fno-builtin-memcpy;-fno-builtin-memset;-fno-builtin-bzero;-fno-builtin-stpcpy;-fno-builtin-strncpy
Id flags: -Aa 

The output was:
101
thread 'main' panicked at 'assertion failed: `(left != right)`
  left: `0`,
 right: `0`: Failed to get path name. Error code: 3', main.rs:65:9
note: run with `RUST_BACKTRACE=1` environment variable to display a backtrace


Compiling the C compiler identification source file "CMakeCCompilerId.c" failed.
Compiler: C:/Users/สรวิชญ์/.espressif/tools/xtensa-esp-elf/esp-13.2.0_20240530/xtensa-esp-elf/bin/xtensa-esp32-elf-gcc.exe 
Build flags: -mlongcalls;-Wno-frame-address;;-fno-builtin-memcpy;-fno-builtin-memset;-fno-builtin-bzero;-fno-builtin-stpcpy;-fno-builtin-strncpy
Id flags: -D__CLASSIC_C__ 

The output was:
101
thread 'main' panicked at 'assertion failed: `(left != right)`
  left: `0`,
 right: `0`: Failed to get path name. Error code: 3', main.rs:65:9
note: run with `RUST_BACKTRACE=1` environment variable to display a backtrace


Compiling the C compiler identification source file "CMakeCCompilerId.c" failed.
Compiler: C:/Users/สรวิชญ์/.espressif/tools/xtensa-esp-elf/esp-13.2.0_20240530/xtensa-esp-elf/bin/xtensa-esp32-elf-gcc.exe 
Build flags: -mlongcalls;-Wno-frame-address;;-fno-builtin-memcpy;-fno-builtin-memset;-fno-builtin-bzero;-fno-builtin-stpcpy;-fno-builtin-strncpy
Id flags: --target=arm-arm-none-eabi;-mcpu=cortex-m3 

The output was:
101
thread 'main' panicked at 'assertion failed: `(left != right)`
  left: `0`,
 right: `0`: Failed to get path name. Error code: 3', main.rs:65:9
note: run with `RUST_BACKTRACE=1` environment variable to display a backtrace


Compiling the C compiler identification source file "CMakeCCompilerId.c" failed.
Compiler: C:/Users/สรวิชญ์/.espressif/tools/xtensa-esp-elf/esp-13.2.0_20240530/xtensa-esp-elf/bin/xtensa-esp32-elf-gcc.exe 
Build flags: -mlongcalls;-Wno-frame-address;;-fno-builtin-memcpy;-fno-builtin-memset;-fno-builtin-bzero;-fno-builtin-stpcpy;-fno-builtin-strncpy
Id flags: -c;-I__does_not_exist__ 

The output was:
101
thread 'main' panicked at 'assertion failed: `(left != right)`
  left: `0`,
 right: `0`: Failed to get path name. Error code: 3', main.rs:65:9
note: run with `RUST_BACKTRACE=1` environment variable to display a backtrace


Compiling the C compiler identification source file "CMakeCCompilerId.c" failed.
Compiler: C:/Users/สรวิชญ์/.espressif/tools/xtensa-esp-elf/esp-13.2.0_20240530/xtensa-esp-elf/bin/xtensa-esp32-elf-gcc.exe 
Build flags: 
Id flags:  

The output was:
101
thread 'main' panicked at 'assertion failed: `(left != right)`
  left: `0`,
 right: `0`: Failed to get path name. Error code: 3', main.rs:65:9
note: run with `RUST_BACKTRACE=1` environment variable to display a backtrace


Compiling the C compiler identification source file "CMakeCCompilerId.c" failed.
Compiler: C:/Users/สรวิชญ์/.espressif/tools/xtensa-esp-elf/esp-13.2.0_20240530/xtensa-esp-elf/bin/xtensa-esp32-elf-gcc.exe 
Build flags: 
Id flags: -c 

The output was:
101
thread 'main' panicked at 'assertion failed: `(left != right)`
  left: `0`,
 right: `0`: Failed to get path name. Error code: 3', main.rs:65:9
note: run with `RUST_BACKTRACE=1` environment variable to display a backtrace


Compiling the C compiler identification source file "CMakeCCompilerId.c" failed.
Compiler: C:/Users/สรวิชญ์/.espressif/tools/xtensa-esp-elf/esp-13.2.0_20240530/xtensa-esp-elf/bin/xtensa-esp32-elf-gcc.exe 
Build flags: 
Id flags: -Aa 

The output was:
101
thread 'main' panicked at 'assertion failed: `(left != right)`
  left: `0`,
 right: `0`: Failed to get path name. Error code: 3', main.rs:65:9
note: run with `RUST_BACKTRACE=1` environment variable to display a backtrace


Compiling the C compiler identification source file "CMakeCCompilerId.c" failed.
Compiler: C:/Users/สรวิชญ์/.espressif/tools/xtensa-esp-elf/esp-13.2.0_20240530/xtensa-esp-elf/bin/xtensa-esp32-elf-gcc.exe 
Build flags: 
Id flags: -D__CLASSIC_C__ 

The output was:
101
thread 'main' panicked at 'assertion failed: `(left != right)`
  left: `0`,
 right: `0`: Failed to get path name. Error code: 3', main.rs:65:9
note: run with `RUST_BACKTRACE=1` environment variable to display a backtrace


Compiling the C compiler identification source file "CMakeCCompilerId.c" failed.
Compiler: C:/Users/สรวิชญ์/.espressif/tools/xtensa-esp-elf/esp-13.2.0_20240530/xtensa-esp-elf/bin/xtensa-esp32-elf-gcc.exe 
Build flags: 
Id flags: --target=arm-arm-none-eabi;-mcpu=cortex-m3 

The output was:
101
thread 'main' panicked at 'assertion failed: `(left != right)`
  left: `0`,
 right: `0`: Failed to get path name. Error code: 3', main.rs:65:9
note: run with `RUST_BACKTRACE=1` environment variable to display a backtrace


Compiling the C compiler identification source file "CMakeCCompilerId.c" failed.
Compiler: C:/Users/สรวิชญ์/.espressif/tools/xtensa-esp-elf/esp-13.2.0_20240530/xtensa-esp-elf/bin/xtensa-esp32-elf-gcc.exe 
Build flags: 
Id flags: -c;-I__does_not_exist__ 

The output was:
101
thread 'main' panicked at 'assertion failed: `(left != right)`
  left: `0`,
 right: `0`: Failed to get path name. Error code: 3', main.rs:65:9
note: run with `RUST_BACKTRACE=1` environment variable to display a backtrace


Checking whether the C compiler is IAR using "" did not match "IAR .+ Compiler":
thread 'main' panicked at 'assertion failed: `(left != right)`
  left: `0`,
 right: `0`: Failed to get path name. Error code: 3', main.rs:65:9
note: run with `RUST_BACKTRACE=1` environment variable to display a backtrace
Checking whether the C compiler is IAR using "" did not match "IAR .+ Compiler":
thread 'main' panicked at 'assertion failed: `(left != right)`
  left: `0`,
 right: `0`: Failed to get path name. Error code: 3', main.rs:65:9
note: run with `RUST_BACKTRACE=1` environment variable to display a backtrace
Compiling the CXX compiler identification source file "CMakeCXXCompilerId.cpp" failed.
Compiler: C:/Users/สรวิชญ์/.espressif/tools/xtensa-esp-elf/esp-13.2.0_20240530/xtensa-esp-elf/bin/xtensa-esp32-elf-g++.exe 
Build flags: -mlongcalls;-Wno-frame-address;;-fno-builtin-memcpy;-fno-builtin-memset;-fno-builtin-bzero;-fno-builtin-stpcpy;-fno-builtin-strncpy
Id flags:  

The output was:
101
thread 'main' panicked at 'assertion failed: `(left != right)`
  left: `0`,
 right: `0`: Failed to get path name. Error code: 3', main.rs:65:9
note: run with `RUST_BACKTRACE=1` environment variable to display a backtrace


Compiling the CXX compiler identification source file "CMakeCXXCompilerId.cpp" failed.
Compiler: C:/Users/สรวิชญ์/.espressif/tools/xtensa-esp-elf/esp-13.2.0_20240530/xtensa-esp-elf/bin/xtensa-esp32-elf-g++.exe 
Build flags: -mlongcalls;-Wno-frame-address;;-fno-builtin-memcpy;-fno-builtin-memset;-fno-builtin-bzero;-fno-builtin-stpcpy;-fno-builtin-strncpy
Id flags: -c 

The output was:
101
thread 'main' panicked at 'assertion failed: `(left != right)`
  left: `0`,
 right: `0`: Failed to get path name. Error code: 3', main.rs:65:9
note: run with `RUST_BACKTRACE=1` environment variable to display a backtrace


Compiling the CXX compiler identification source file "CMakeCXXCompilerId.cpp" failed.
Compiler: C:/Users/สรวิชญ์/.espressif/tools/xtensa-esp-elf/esp-13.2.0_20240530/xtensa-esp-elf/bin/xtensa-esp32-elf-g++.exe 
Build flags: -mlongcalls;-Wno-frame-address;;-fno-builtin-memcpy;-fno-builtin-memset;-fno-builtin-bzero;-fno-builtin-stpcpy;-fno-builtin-strncpy
Id flags: --c++ 

The output was:
101
thread 'main' panicked at 'assertion failed: `(left != right)`
  left: `0`,
 right: `0`: Failed to get path name. Error code: 3', main.rs:65:9
note: run with `RUST_BACKTRACE=1` environment variable to display a backtrace


Compiling the CXX compiler identification source file "CMakeCXXCompilerId.cpp" failed.
Compiler: C:/Users/สรวิชญ์/.espressif/tools/xtensa-esp-elf/esp-13.2.0_20240530/xtensa-esp-elf/bin/xtensa-esp32-elf-g++.exe 
Build flags: -mlongcalls;-Wno-frame-address;;-fno-builtin-memcpy;-fno-builtin-memset;-fno-builtin-bzero;-fno-builtin-stpcpy;-fno-builtin-strncpy
Id flags: --ec++ 

The output was:
101
thread 'main' panicked at 'assertion failed: `(left != right)`
  left: `0`,
 right: `0`: Failed to get path name. Error code: 3', main.rs:65:9
note: run with `RUST_BACKTRACE=1` environment variable to display a backtrace


Compiling the CXX compiler identification source file "CMakeCXXCompilerId.cpp" failed.
Compiler: C:/Users/สรวิชญ์/.espressif/tools/xtensa-esp-elf/esp-13.2.0_20240530/xtensa-esp-elf/bin/xtensa-esp32-elf-g++.exe 
Build flags: -mlongcalls;-Wno-frame-address;;-fno-builtin-memcpy;-fno-builtin-memset;-fno-builtin-bzero;-fno-builtin-stpcpy;-fno-builtin-strncpy
Id flags: --target=arm-arm-none-eabi;-mcpu=cortex-m3 

The output was:
101
thread 'main' panicked at 'assertion failed: `(left != right)`
  left: `0`,
 right: `0`: Failed to get path name. Error code: 3', main.rs:65:9
note: run with `RUST_BACKTRACE=1` environment variable to display a backtrace


Compiling the CXX compiler identification source file "CMakeCXXCompilerId.cpp" failed.
Compiler: C:/Users/สรวิชญ์/.espressif/tools/xtensa-esp-elf/esp-13.2.0_20240530/xtensa-esp-elf/bin/xtensa-esp32-elf-g++.exe 
Build flags: -mlongcalls;-Wno-frame-address;;-fno-builtin-memcpy;-fno-builtin-memset;-fno-builtin-bzero;-fno-builtin-stpcpy;-fno-builtin-strncpy
Id flags: -c;-I__does_not_exist__ 

The output was:
101
thread 'main' panicked at 'assertion failed: `(left != right)`
  left: `0`,
 right: `0`: Failed to get path name. Error code: 3', main.rs:65:9
note: run with `RUST_BACKTRACE=1` environment variable to display a backtrace


Compiling the CXX compiler identification source file "CMakeCXXCompilerId.cpp" failed.
Compiler: C:/Users/สรวิชญ์/.espressif/tools/xtensa-esp-elf/esp-13.2.0_20240530/xtensa-esp-elf/bin/xtensa-esp32-elf-g++.exe 
Build flags: 
Id flags:  

The output was:
101
thread 'main' panicked at 'assertion failed: `(left != right)`
  left: `0`,
 right: `0`: Failed to get path name. Error code: 3', main.rs:65:9
note: run with `RUST_BACKTRACE=1` environment variable to display a backtrace


Compiling the CXX compiler identification source file "CMakeCXXCompilerId.cpp" failed.
Compiler: C:/Users/สรวิชญ์/.espressif/tools/xtensa-esp-elf/esp-13.2.0_20240530/xtensa-esp-elf/bin/xtensa-esp32-elf-g++.exe 
Build flags: 
Id flags: -c 

The output was:
101
thread 'main' panicked at 'assertion failed: `(left != right)`
  left: `0`,
 right: `0`: Failed to get path name. Error code: 3', main.rs:65:9
note: run with `RUST_BACKTRACE=1` environment variable to display a backtrace


Compiling the CXX compiler identification source file "CMakeCXXCompilerId.cpp" failed.
Compiler: C:/Users/สรวิชญ์/.espressif/tools/xtensa-esp-elf/esp-13.2.0_20240530/xtensa-esp-elf/bin/xtensa-esp32-elf-g++.exe 
Build flags: 
Id flags: --c++ 

The output was:
101
thread 'main' panicked at 'assertion failed: `(left != right)`
  left: `0`,
 right: `0`: Failed to get path name. Error code: 3', main.rs:65:9
note: run with `RUST_BACKTRACE=1` environment variable to display a backtrace


Compiling the CXX compiler identification source file "CMakeCXXCompilerId.cpp" failed.
Compiler: C:/Users/สรวิชญ์/.espressif/tools/xtensa-esp-elf/esp-13.2.0_20240530/xtensa-esp-elf/bin/xtensa-esp32-elf-g++.exe 
Build flags: 
Id flags: --ec++ 

The output was:
101
thread 'main' panicked at 'assertion failed: `(left != right)`
  left: `0`,
 right: `0`: Failed to get path name. Error code: 3', main.rs:65:9
note: run with `RUST_BACKTRACE=1` environment variable to display a backtrace


Compiling the CXX compiler identification source file "CMakeCXXCompilerId.cpp" failed.
Compiler: C:/Users/สรวิชญ์/.espressif/tools/xtensa-esp-elf/esp-13.2.0_20240530/xtensa-esp-elf/bin/xtensa-esp32-elf-g++.exe 
Build flags: 
Id flags: --target=arm-arm-none-eabi;-mcpu=cortex-m3 

The output was:
101
thread 'main' panicked at 'assertion failed: `(left != right)`
  left: `0`,
 right: `0`: Failed to get path name. Error code: 3', main.rs:65:9
note: run with `RUST_BACKTRACE=1` environment variable to display a backtrace


Compiling the CXX compiler identification source file "CMakeCXXCompilerId.cpp" failed.
Compiler: C:/Users/สรวิชญ์/.espressif/tools/xtensa-esp-elf/esp-13.2.0_20240530/xtensa-esp-elf/bin/xtensa-esp32-elf-g++.exe 
Build flags: 
Id flags: -c;-I__does_not_exist__ 

The output was:
101
thread 'main' panicked at 'assertion failed: `(left != right)`
  left: `0`,
 right: `0`: Failed to get path name. Error code: 3', main.rs:65:9
note: run with `RUST_BACKTRACE=1` environment variable to display a backtrace


Checking whether the CXX compiler is IAR using "" did not match "IAR .+ Compiler":
thread 'main' panicked at 'assertion failed: `(left != right)`
  left: `0`,
 right: `0`: Failed to get path name. Error code: 3', main.rs:65:9
note: run with `RUST_BACKTRACE=1` environment variable to display a backtrace
Checking whether the CXX compiler is IAR using "" did not match "IAR .+ Compiler":
thread 'main' panicked at 'assertion failed: `(left != right)`
  left: `0`,
 right: `0`: Failed to get path name. Error code: 3', main.rs:65:9
note: run with `RUST_BACKTRACE=1` environment variable to display a backtrace
Checking whether the ASM compiler is GNU using "--version" did not match "(GNU assembler)|(GCC)|(Free Software Foundation)":
thread 'main' panicked at 'assertion failed: `(left != right)`
  left: `0`,
 right: `0`: Failed to get path name. Error code: 3', main.rs:65:9
note: run with `RUST_BACKTRACE=1` environment variable to display a backtrace
Checking whether the ASM compiler is Clang using "--version" did not match "(clang version)":
thread 'main' panicked at 'assertion failed: `(left != right)`
  left: `0`,
 right: `0`: Failed to get path name. Error code: 3', main.rs:65:9
note: run with `RUST_BACKTRACE=1` environment variable to display a backtrace
Checking whether the ASM compiler is AppleClang using "--version" did not match "(Apple LLVM version)":
thread 'main' panicked at 'assertion failed: `(left != right)`
  left: `0`,
 right: `0`: Failed to get path name. Error code: 3', main.rs:65:9
note: run with `RUST_BACKTRACE=1` environment variable to display a backtrace
Checking whether the ASM compiler is ARMClang using "--version" did not match "armclang":
thread 'main' panicked at 'assertion failed: `(left != right)`
  left: `0`,
 right: `0`: Failed to get path name. Error code: 3', main.rs:65:9
note: run with `RUST_BACKTRACE=1` environment variable to display a backtrace
Checking whether the ASM compiler is HP using "-V" did not match "HP C":
thread 'main' panicked at 'assertion failed: `(left != right)`
  left: `0`,
 right: `0`: Failed to get path name. Error code: 3', main.rs:65:9
note: run with `RUST_BACKTRACE=1` environment variable to display a backtrace
Checking whether the ASM compiler is Intel using "--version" did not match "(ICC)":
thread 'main' panicked at 'assertion failed: `(left != right)`
  left: `0`,
 right: `0`: Failed to get path name. Error code: 3', main.rs:65:9
note: run with `RUST_BACKTRACE=1` environment variable to display a backtrace
Checking whether the ASM compiler is IntelLLVM using "--version" did not match "(Intel[^
]+oneAPI)":
thread 'main' panicked at 'assertion failed: `(left != right)`
  left: `0`,
 right: `0`: Failed to get path name. Error code: 3', main.rs:65:9
note: run with `RUST_BACKTRACE=1` environment variable to display a backtrace
Checking whether the ASM compiler is SunPro using "-V" did not match "Sun C":
thread 'main' panicked at 'assertion failed: `(left != right)`
  left: `0`,
 right: `0`: Failed to get path name. Error code: 3', main.rs:65:9
note: run with `RUST_BACKTRACE=1` environment variable to display a backtrace
Checking whether the ASM compiler is XL using "-qversion" did not match "XL C":
thread 'main' panicked at 'assertion failed: `(left != right)`
  left: `0`,
 right: `0`: Failed to get path name. Error code: 3', main.rs:65:9
note: run with `RUST_BACKTRACE=1` environment variable to display a backtrace
Checking whether the ASM compiler is MSVC using "-?" did not match "Microsoft":
thread 'main' panicked at 'assertion failed: `(left != right)`
  left: `0`,
 right: `0`: Failed to get path name. Error code: 3', main.rs:65:9
note: run with `RUST_BACKTRACE=1` environment variable to display a backtrace
Checking whether the ASM compiler is TI using "-h" did not match "Texas Instruments":
thread 'main' panicked at 'assertion failed: `(left != right)`
  left: `0`,
 right: `0`: Failed to get path name. Error code: 3', main.rs:65:9
note: run with `RUST_BACKTRACE=1` environment variable to display a backtrace
Checking whether the ASM compiler is IAR using "" did not match "IAR Assembler":
thread 'main' panicked at 'assertion failed: `(left != right)`
  left: `0`,
 right: `0`: Failed to get path name. Error code: 3', main.rs:65:9
note: run with `RUST_BACKTRACE=1` environment variable to display a backtrace
Checking whether the ASM compiler is ARMCC using "" did not match "(ARM Compiler)|(ARM Assembler)|(Arm Compiler)":
thread 'main' panicked at 'assertion failed: `(left != right)`
  left: `0`,
 right: `0`: Failed to get path name. Error code: 3', main.rs:65:9
note: run with `RUST_BACKTRACE=1` environment variable to display a backtrace
Checking whether the ASM compiler is NASM using "-v" did not match "(NASM version)":
thread 'main' panicked at 'assertion failed: `(left != right)`
  left: `0`,
 right: `0`: Failed to get path name. Error code: 3', main.rs:65:9
note: run with `RUST_BACKTRACE=1` environment variable to display a backtrace
Checking whether the ASM compiler is YASM using "--version" did not match "(yasm)":
thread 'main' panicked at 'assertion failed: `(left != right)`
  left: `0`,
 right: `0`: Failed to get path name. Error code: 3', main.rs:65:9
note: run with `RUST_BACKTRACE=1` environment variable to display a backtrace
Checking whether the ASM compiler is ADSP using "-version" did not match "Analog Devices":
thread 'main' panicked at 'assertion failed: `(left != right)`
  left: `0`,
 right: `0`: Failed to get path name. Error code: 3', main.rs:65:9
note: run with `RUST_BACKTRACE=1` environment variable to display a backtrace
Checking whether the ASM compiler is QCC using "-V" did not match "gcc_nto":
thread 'main' panicked at 'assertion failed: `(left != right)`
  left: `0`,
 right: `0`: Failed to get path name. Error code: 3', main.rs:65:9
note: run with `RUST_BACKTRACE=1` environment variable to display a backtrace
Detecting C compiler ABI info failed to compile with the following output:
Change Dir: E:/.Computer Lau/P3_ESP32/blink/build/CMakeFiles/CMakeTmp

Run Build Command(s):C:/Users/สรวิชญ์/.espressif/tools/ninja/1.11.1/ninja.exe cmTC_b7cc1 && [1/2] Building C object CMakeFiles\cmTC_b7cc1.dir\CMakeCCompilerABI.c.obj
FAILED: CMakeFiles/cmTC_b7cc1.dir/CMakeCCompilerABI.c.obj 
C:\Users\เธชเธฃเธงเธดเธเธเน\.espressif\tools\xtensa-esp-elf\esp-13.2.0_20240530\xtensa-esp-elf\bin\xtensa-esp32-elf-gcc.exe   -mlongcalls -Wno-frame-address  -fno-builtin-memcpy -fno-builtin-memset -fno-builtin-bzero -fno-builtin-stpcpy -fno-builtin-strncpy -o CMakeFiles\cmTC_b7cc1.dir\CMakeCCompilerABI.c.obj -c C:\Users\เธชเธฃเธงเธดเธเธเน\.espressif\tools\cmake\3.24.0\share\cmake-3.24\Modules\CMakeCCompilerABI.c
thread 'main' panicked at 'assertion failed: `(left != right)`
  left: `0`,
 right: `0`: Failed to get path name. Error code: 3', main.rs:65:9
note: run with `RUST_BACKTRACE=1` environment variable to display a backtrace
ninja: build stopped: subcommand failed.




Determining if the C compiler works failed with the following output:
Change Dir: E:/.Computer Lau/P3_ESP32/blink/build/CMakeFiles/CMakeTmp

Run Build Command(s):C:/Users/สรวิชญ์/.espressif/tools/ninja/1.11.1/ninja.exe cmTC_9d041 && [1/2] Building C object CMakeFiles\cmTC_9d041.dir\testCCompiler.c.obj
FAILED: CMakeFiles/cmTC_9d041.dir/testCCompiler.c.obj 
C:\Users\เธชเธฃเธงเธดเธเธเน\.espressif\tools\xtensa-esp-elf\esp-13.2.0_20240530\xtensa-esp-elf\bin\xtensa-esp32-elf-gcc.exe   -mlongcalls -Wno-frame-address  -fno-builtin-memcpy -fno-builtin-memset -fno-builtin-bzero -fno-builtin-stpcpy -fno-builtin-strncpy -o CMakeFiles\cmTC_9d041.dir\testCCompiler.c.obj -c "E:\.Computer Lau\P3_ESP32\blink\build\CMakeFiles\CMakeTmp\testCCompiler.c"
thread 'main' panicked at 'assertion failed: `(left != right)`
  left: `0`,
 right: `0`: Failed to get path name. Error code: 3', main.rs:65:9
note: run with `RUST_BACKTRACE=1` environment variable to display a backtrace
ninja: build stopped: subcommand failed.



Compiling the C compiler identification source file "CMakeCCompilerId.c" failed.
Compiler: C:/Users/สรวิชญ์/.espressif/tools/xtensa-esp-elf/esp-13.2.0_20240530/xtensa-esp-elf/bin/xtensa-esp32-elf-gcc.exe 
Build flags: -mlongcalls;-Wno-frame-address;;-fno-builtin-memcpy;-fno-builtin-memset;-fno-builtin-bzero;-fno-builtin-stpcpy;-fno-builtin-strncpy
Id flags:  

The output was:
101
thread 'main' panicked at 'assertion failed: `(left != right)`
  left: `0`,
 right: `0`: Failed to get path name. Error code: 3', main.rs:65:9
note: run with `RUST_BACKTRACE=1` environment variable to display a backtrace


Compiling the C compiler identification source file "CMakeCCompilerId.c" failed.
Compiler: C:/Users/สรวิชญ์/.espressif/tools/xtensa-esp-elf/esp-13.2.0_20240530/xtensa-esp-elf/bin/xtensa-esp32-elf-gcc.exe 
Build flags: -mlongcalls;-Wno-frame-address;;-fno-builtin-memcpy;-fno-builtin-memset;-fno-builtin-bzero;-fno-builtin-stpcpy;-fno-builtin-strncpy
Id flags: -c 

The output was:
101
thread 'main' panicked at 'assertion failed: `(left != right)`
  left: `0`,
 right: `0`: Failed to get path name. Error code: 3', main.rs:65:9
note: run with `RUST_BACKTRACE=1` environment variable to display a backtrace


Compiling the C compiler identification source file "CMakeCCompilerId.c" failed.
Compiler: C:/Users/สรวิชญ์/.espressif/tools/xtensa-esp-elf/esp-13.2.0_20240530/xtensa-esp-elf/bin/xtensa-esp32-elf-gcc.exe 
Build flags: -mlongcalls;-Wno-frame-address;;-fno-builtin-memcpy;-fno-builtin-memset;-fno-builtin-bzero;-fno-builtin-stpcpy;-fno-builtin-strncpy
Id flags: -Aa 

The output was:
101
thread 'main' panicked at 'assertion failed: `(left != right)`
  left: `0`,
 right: `0`: Failed to get path name. Error code: 3', main.rs:65:9
note: run with `RUST_BACKTRACE=1` environment variable to display a backtrace


Compiling the C compiler identification source file "CMakeCCompilerId.c" failed.
Compiler: C:/Users/สรวิชญ์/.espressif/tools/xtensa-esp-elf/esp-13.2.0_20240530/xtensa-esp-elf/bin/xtensa-esp32-elf-gcc.exe 
Build flags: -mlongcalls;-Wno-frame-address;;-fno-builtin-memcpy;-fno-builtin-memset;-fno-builtin-bzero;-fno-builtin-stpcpy;-fno-builtin-strncpy
Id flags: -D__CLASSIC_C__ 

The output was:
101
thread 'main' panicked at 'assertion failed: `(left != right)`
  left: `0`,
 right: `0`: Failed to get path name. Error code: 3', main.rs:65:9
note: run with `RUST_BACKTRACE=1` environment variable to display a backtrace


Compiling the C compiler identification source file "CMakeCCompilerId.c" failed.
Compiler: C:/Users/สรวิชญ์/.espressif/tools/xtensa-esp-elf/esp-13.2.0_20240530/xtensa-esp-elf/bin/xtensa-esp32-elf-gcc.exe 
Build flags: -mlongcalls;-Wno-frame-address;;-fno-builtin-memcpy;-fno-builtin-memset;-fno-builtin-bzero;-fno-builtin-stpcpy;-fno-builtin-strncpy
Id flags: --target=arm-arm-none-eabi;-mcpu=cortex-m3 

The output was:
101
thread 'main' panicked at 'assertion failed: `(left != right)`
  left: `0`,
 right: `0`: Failed to get path name. Error code: 3', main.rs:65:9
note: run with `RUST_BACKTRACE=1` environment variable to display a backtrace


Compiling the C compiler identification source file "CMakeCCompilerId.c" failed.
Compiler: C:/Users/สรวิชญ์/.espressif/tools/xtensa-esp-elf/esp-13.2.0_20240530/xtensa-esp-elf/bin/xtensa-esp32-elf-gcc.exe 
Build flags: -mlongcalls;-Wno-frame-address;;-fno-builtin-memcpy;-fno-builtin-memset;-fno-builtin-bzero;-fno-builtin-stpcpy;-fno-builtin-strncpy
Id flags: -c;-I__does_not_exist__ 

The output was:
101
thread 'main' panicked at 'assertion failed: `(left != right)`
  left: `0`,
 right: `0`: Failed to get path name. Error code: 3', main.rs:65:9
note: run with `RUST_BACKTRACE=1` environment variable to display a backtrace


Compiling the C compiler identification source file "CMakeCCompilerId.c" failed.
Compiler: C:/Users/สรวิชญ์/.espressif/tools/xtensa-esp-elf/esp-13.2.0_20240530/xtensa-esp-elf/bin/xtensa-esp32-elf-gcc.exe 
Build flags: 
Id flags:  

The output was:
101
thread 'main' panicked at 'assertion failed: `(left != right)`
  left: `0`,
 right: `0`: Failed to get path name. Error code: 3', main.rs:65:9
note: run with `RUST_BACKTRACE=1` environment variable to display a backtrace


Compiling the C compiler identification source file "CMakeCCompilerId.c" failed.
Compiler: C:/Users/สรวิชญ์/.espressif/tools/xtensa-esp-elf/esp-13.2.0_20240530/xtensa-esp-elf/bin/xtensa-esp32-elf-gcc.exe 
Build flags: 
Id flags: -c 

The output was:
101
thread 'main' panicked at 'assertion failed: `(left != right)`
  left: `0`,
 right: `0`: Failed to get path name. Error code: 3', main.rs:65:9
note: run with `RUST_BACKTRACE=1` environment variable to display a backtrace


Compiling the C compiler identification source file "CMakeCCompilerId.c" failed.
Compiler: C:/Users/สรวิชญ์/.espressif/tools/xtensa-esp-elf/esp-13.2.0_20240530/xtensa-esp-elf/bin/xtensa-esp32-elf-gcc.exe 
Build flags: 
Id flags: -Aa 

The output was:
101
thread 'main' panicked at 'assertion failed: `(left != right)`
  left: `0`,
 right: `0`: Failed to get path name. Error code: 3', main.rs:65:9
note: run with `RUST_BACKTRACE=1` environment variable to display a backtrace


Compiling the C compiler identification source file "CMakeCCompilerId.c" failed.
Compiler: C:/Users/สรวิชญ์/.espressif/tools/xtensa-esp-elf/esp-13.2.0_20240530/xtensa-esp-elf/bin/xtensa-esp32-elf-gcc.exe 
Build flags: 
Id flags: -D__CLASSIC_C__ 

The output was:
101
thread 'main' panicked at 'assertion failed: `(left != right)`
  left: `0`,
 right: `0`: Failed to get path name. Error code: 3', main.rs:65:9
note: run with `RUST_BACKTRACE=1` environment variable to display a backtrace


Compiling the C compiler identification source file "CMakeCCompilerId.c" failed.
Compiler: C:/Users/สรวิชญ์/.espressif/tools/xtensa-esp-elf/esp-13.2.0_20240530/xtensa-esp-elf/bin/xtensa-esp32-elf-gcc.exe 
Build flags: 
Id flags: --target=arm-arm-none-eabi;-mcpu=cortex-m3 

The output was:
101
thread 'main' panicked at 'assertion failed: `(left != right)`
  left: `0`,
 right: `0`: Failed to get path name. Error code: 3', main.rs:65:9
note: run with `RUST_BACKTRACE=1` environment variable to display a backtrace


Compiling the C compiler identification source file "CMakeCCompilerId.c" failed.
Compiler: C:/Users/สรวิชญ์/.espressif/tools/xtensa-esp-elf/esp-13.2.0_20240530/xtensa-esp-elf/bin/xtensa-esp32-elf-gcc.exe 
Build flags: 
Id flags: -c;-I__does_not_exist__ 

The output was:
101
thread 'main' panicked at 'assertion failed: `(left != right)`
  left: `0`,
 right: `0`: Failed to get path name. Error code: 3', main.rs:65:9
note: run with `RUST_BACKTRACE=1` environment variable to display a backtrace


Checking whether the C compiler is IAR using "" did not match "IAR .+ Compiler":
thread 'main' panicked at 'assertion failed: `(left != right)`
  left: `0`,
 right: `0`: Failed to get path name. Error code: 3', main.rs:65:9
note: run with `RUST_BACKTRACE=1` environment variable to display a backtrace
Checking whether the C compiler is IAR using "" did not match "IAR .+ Compiler":
thread 'main' panicked at 'assertion failed: `(left != right)`
  left: `0`,
 right: `0`: Failed to get path name. Error code: 3', main.rs:65:9
note: run with `RUST_BACKTRACE=1` environment variable to display a backtrace
Compiling the CXX compiler identification source file "CMakeCXXCompilerId.cpp" failed.
Compiler: C:/Users/สรวิชญ์/.espressif/tools/xtensa-esp-elf/esp-13.2.0_20240530/xtensa-esp-elf/bin/xtensa-esp32-elf-g++.exe 
Build flags: -mlongcalls;-Wno-frame-address;;-fno-builtin-memcpy;-fno-builtin-memset;-fno-builtin-bzero;-fno-builtin-stpcpy;-fno-builtin-strncpy
Id flags:  

The output was:
101
thread 'main' panicked at 'assertion failed: `(left != right)`
  left: `0`,
 right: `0`: Failed to get path name. Error code: 3', main.rs:65:9
note: run with `RUST_BACKTRACE=1` environment variable to display a backtrace


Compiling the CXX compiler identification source file "CMakeCXXCompilerId.cpp" failed.
Compiler: C:/Users/สรวิชญ์/.espressif/tools/xtensa-esp-elf/esp-13.2.0_20240530/xtensa-esp-elf/bin/xtensa-esp32-elf-g++.exe 
Build flags: -mlongcalls;-Wno-frame-address;;-fno-builtin-memcpy;-fno-builtin-memset;-fno-builtin-bzero;-fno-builtin-stpcpy;-fno-builtin-strncpy
Id flags: -c 

The output was:
101
thread 'main' panicked at 'assertion failed: `(left != right)`
  left: `0`,
 right: `0`: Failed to get path name. Error code: 3', main.rs:65:9
note: run with `RUST_BACKTRACE=1` environment variable to display a backtrace


Compiling the CXX compiler identification source file "CMakeCXXCompilerId.cpp" failed.
Compiler: C:/Users/สรวิชญ์/.espressif/tools/xtensa-esp-elf/esp-13.2.0_20240530/xtensa-esp-elf/bin/xtensa-esp32-elf-g++.exe 
Build flags: -mlongcalls;-Wno-frame-address;;-fno-builtin-memcpy;-fno-builtin-memset;-fno-builtin-bzero;-fno-builtin-stpcpy;-fno-builtin-strncpy
Id flags: --c++ 

The output was:
101
thread 'main' panicked at 'assertion failed: `(left != right)`
  left: `0`,
 right: `0`: Failed to get path name. Error code: 3', main.rs:65:9
note: run with `RUST_BACKTRACE=1` environment variable to display a backtrace


Compiling the CXX compiler identification source file "CMakeCXXCompilerId.cpp" failed.
Compiler: C:/Users/สรวิชญ์/.espressif/tools/xtensa-esp-elf/esp-13.2.0_20240530/xtensa-esp-elf/bin/xtensa-esp32-elf-g++.exe 
Build flags: -mlongcalls;-Wno-frame-address;;-fno-builtin-memcpy;-fno-builtin-memset;-fno-builtin-bzero;-fno-builtin-stpcpy;-fno-builtin-strncpy
Id flags: --ec++ 

The output was:
101
thread 'main' panicked at 'assertion failed: `(left != right)`
  left: `0`,
 right: `0`: Failed to get path name. Error code: 3', main.rs:65:9
note: run with `RUST_BACKTRACE=1` environment variable to display a backtrace


Compiling the CXX compiler identification source file "CMakeCXXCompilerId.cpp" failed.
Compiler: C:/Users/สรวิชญ์/.espressif/tools/xtensa-esp-elf/esp-13.2.0_20240530/xtensa-esp-elf/bin/xtensa-esp32-elf-g++.exe 
Build flags: -mlongcalls;-Wno-frame-address;;-fno-builtin-memcpy;-fno-builtin-memset;-fno-builtin-bzero;-fno-builtin-stpcpy;-fno-builtin-strncpy
Id flags: --target=arm-arm-none-eabi;-mcpu=cortex-m3 

The output was:
101
thread 'main' panicked at 'assertion failed: `(left != right)`
  left: `0`,
 right: `0`: Failed to get path name. Error code: 3', main.rs:65:9
note: run with `RUST_BACKTRACE=1` environment variable to display a backtrace


Compiling the CXX compiler identification source file "CMakeCXXCompilerId.cpp" failed.
Compiler: C:/Users/สรวิชญ์/.espressif/tools/xtensa-esp-elf/esp-13.2.0_20240530/xtensa-esp-elf/bin/xtensa-esp32-elf-g++.exe 
Build flags: -mlongcalls;-Wno-frame-address;;-fno-builtin-memcpy;-fno-builtin-memset;-fno-builtin-bzero;-fno-builtin-stpcpy;-fno-builtin-strncpy
Id flags: -c;-I__does_not_exist__ 

The output was:
101
thread 'main' panicked at 'assertion failed: `(left != right)`
  left: `0`,
 right: `0`: Failed to get path name. Error code: 3', main.rs:65:9
note: run with `RUST_BACKTRACE=1` environment variable to display a backtrace


Compiling the CXX compiler identification source file "CMakeCXXCompilerId.cpp" failed.
Compiler: C:/Users/สรวิชญ์/.espressif/tools/xtensa-esp-elf/esp-13.2.0_20240530/xtensa-esp-elf/bin/xtensa-esp32-elf-g++.exe 
Build flags: 
Id flags:  

The output was:
101
thread 'main' panicked at 'assertion failed: `(left != right)`
  left: `0`,
 right: `0`: Failed to get path name. Error code: 3', main.rs:65:9
note: run with `RUST_BACKTRACE=1` environment variable to display a backtrace


Compiling the CXX compiler identification source file "CMakeCXXCompilerId.cpp" failed.
Compiler: C:/Users/สรวิชญ์/.espressif/tools/xtensa-esp-elf/esp-13.2.0_20240530/xtensa-esp-elf/bin/xtensa-esp32-elf-g++.exe 
Build flags: 
Id flags: -c 

The output was:
101
thread 'main' panicked at 'assertion failed: `(left != right)`
  left: `0`,
 right: `0`: Failed to get path name. Error code: 3', main.rs:65:9
note: run with `RUST_BACKTRACE=1` environment variable to display a backtrace


Compiling the CXX compiler identification source file "CMakeCXXCompilerId.cpp" failed.
Compiler: C:/Users/สรวิชญ์/.espressif/tools/xtensa-esp-elf/esp-13.2.0_20240530/xtensa-esp-elf/bin/xtensa-esp32-elf-g++.exe 
Build flags: 
Id flags: --c++ 

The output was:
101
thread 'main' panicked at 'assertion failed: `(left != right)`
  left: `0`,
 right: `0`: Failed to get path name. Error code: 3', main.rs:65:9
note: run with `RUST_BACKTRACE=1` environment variable to display a backtrace


Compiling the CXX compiler identification source file "CMakeCXXCompilerId.cpp" failed.
Compiler: C:/Users/สรวิชญ์/.espressif/tools/xtensa-esp-elf/esp-13.2.0_20240530/xtensa-esp-elf/bin/xtensa-esp32-elf-g++.exe 
Build flags: 
Id flags: --ec++ 

The output was:
101
thread 'main' panicked at 'assertion failed: `(left != right)`
  left: `0`,
 right: `0`: Failed to get path name. Error code: 3', main.rs:65:9
note: run with `RUST_BACKTRACE=1` environment variable to display a backtrace


Compiling the CXX compiler identification source file "CMakeCXXCompilerId.cpp" failed.
Compiler: C:/Users/สรวิชญ์/.espressif/tools/xtensa-esp-elf/esp-13.2.0_20240530/xtensa-esp-elf/bin/xtensa-esp32-elf-g++.exe 
Build flags: 
Id flags: --target=arm-arm-none-eabi;-mcpu=cortex-m3 

The output was:
101
thread 'main' panicked at 'assertion failed: `(left != right)`
  left: `0`,
 right: `0`: Failed to get path name. Error code: 3', main.rs:65:9
note: run with `RUST_BACKTRACE=1` environment variable to display a backtrace


Compiling the CXX compiler identification source file "CMakeCXXCompilerId.cpp" failed.
Compiler: C:/Users/สรวิชญ์/.espressif/tools/xtensa-esp-elf/esp-13.2.0_20240530/xtensa-esp-elf/bin/xtensa-esp32-elf-g++.exe 
Build flags: 
Id flags: -c;-I__does_not_exist__ 

The output was:
101
thread 'main' panicked at 'assertion failed: `(left != right)`
  left: `0`,
 right: `0`: Failed to get path name. Error code: 3', main.rs:65:9
note: run with `RUST_BACKTRACE=1` environment variable to display a backtrace


Checking whether the CXX compiler is IAR using "" did not match "IAR .+ Compiler":
thread 'main' panicked at 'assertion failed: `(left != right)`
  left: `0`,
 right: `0`: Failed to get path name. Error code: 3', main.rs:65:9
note: run with `RUST_BACKTRACE=1` environment variable to display a backtrace
Checking whether the CXX compiler is IAR using "" did not match "IAR .+ Compiler":
thread 'main' panicked at 'assertion failed: `(left != right)`
  left: `0`,
 right: `0`: Failed to get path name. Error code: 3', main.rs:65:9
note: run with `RUST_BACKTRACE=1` environment variable to display a backtrace
Checking whether the ASM compiler is GNU using "--version" did not match "(GNU assembler)|(GCC)|(Free Software Foundation)":
thread 'main' panicked at 'assertion failed: `(left != right)`
  left: `0`,
 right: `0`: Failed to get path name. Error code: 3', main.rs:65:9
note: run with `RUST_BACKTRACE=1` environment variable to display a backtrace
Checking whether the ASM compiler is Clang using "--version" did not match "(clang version)":
thread 'main' panicked at 'assertion failed: `(left != right)`
  left: `0`,
 right: `0`: Failed to get path name. Error code: 3', main.rs:65:9
note: run with `RUST_BACKTRACE=1` environment variable to display a backtrace
Checking whether the ASM compiler is AppleClang using "--version" did not match "(Apple LLVM version)":
thread 'main' panicked at 'assertion failed: `(left != right)`
  left: `0`,
 right: `0`: Failed to get path name. Error code: 3', main.rs:65:9
note: run with `RUST_BACKTRACE=1` environment variable to display a backtrace
Checking whether the ASM compiler is ARMClang using "--version" did not match "armclang":
thread 'main' panicked at 'assertion failed: `(left != right)`
  left: `0`,
 right: `0`: Failed to get path name. Error code: 3', main.rs:65:9
note: run with `RUST_BACKTRACE=1` environment variable to display a backtrace
Checking whether the ASM compiler is HP using "-V" did not match "HP C":
thread 'main' panicked at 'assertion failed: `(left != right)`
  left: `0`,
 right: `0`: Failed to get path name. Error code: 3', main.rs:65:9
note: run with `RUST_BACKTRACE=1` environment variable to display a backtrace
Checking whether the ASM compiler is Intel using "--version" did not match "(ICC)":
thread 'main' panicked at 'assertion failed: `(left != right)`
  left: `0`,
 right: `0`: Failed to get path name. Error code: 3', main.rs:65:9
note: run with `RUST_BACKTRACE=1` environment variable to display a backtrace
Checking whether the ASM compiler is IntelLLVM using "--version" did not match "(Intel[^
]+oneAPI)":
thread 'main' panicked at 'assertion failed: `(left != right)`
  left: `0`,
 right: `0`: Failed to get path name. Error code: 3', main.rs:65:9
note: run with `RUST_BACKTRACE=1` environment variable to display a backtrace
Checking whether the ASM compiler is SunPro using "-V" did not match "Sun C":
thread 'main' panicked at 'assertion failed: `(left != right)`
  left: `0`,
 right: `0`: Failed to get path name. Error code: 3', main.rs:65:9
note: run with `RUST_BACKTRACE=1` environment variable to display a backtrace
Checking whether the ASM compiler is XL using "-qversion" did not match "XL C":
thread 'main' panicked at 'assertion failed: `(left != right)`
  left: `0`,
 right: `0`: Failed to get path name. Error code: 3', main.rs:65:9
note: run with `RUST_BACKTRACE=1` environment variable to display a backtrace
Checking whether the ASM compiler is MSVC using "-?" did not match "Microsoft":
thread 'main' panicked at 'assertion failed: `(left != right)`
  left: `0`,
 right: `0`: Failed to get path name. Error code: 3', main.rs:65:9
note: run with `RUST_BACKTRACE=1` environment variable to display a backtrace
Checking whether the ASM compiler is TI using "-h" did not match "Texas Instruments":
thread 'main' panicked at 'assertion failed: `(left != right)`
  left: `0`,
 right: `0`: Failed to get path name. Error code: 3', main.rs:65:9
note: run with `RUST_BACKTRACE=1` environment variable to display a backtrace
Checking whether the ASM compiler is IAR using "" did not match "IAR Assembler":
thread 'main' panicked at 'assertion failed: `(left != right)`
  left: `0`,
 right: `0`: Failed to get path name. Error code: 3', main.rs:65:9
note: run with `RUST_BACKTRACE=1` environment variable to display a backtrace
Checking whether the ASM compiler is ARMCC using "" did not match "(ARM Compiler)|(ARM Assembler)|(Arm Compiler)":
thread 'main' panicked at 'assertion failed: `(left != right)`
  left: `0`,
 right: `0`: Failed to get path name. Error code: 3', main.rs:65:9
note: run with `RUST_BACKTRACE=1` environment variable to display a backtrace
Checking whether the ASM compiler is NASM using "-v" did not match "(NASM version)":
thread 'main' panicked at 'assertion failed: `(left != right)`
  left: `0`,
 right: `0`: Failed to get path name. Error code: 3', main.rs:65:9
note: run with `RUST_BACKTRACE=1` environment variable to display a backtrace
Checking whether the ASM compiler is YASM using "--version" did not match "(yasm)":
thread 'main' panicked at 'assertion failed: `(left != right)`
  left: `0`,
 right: `0`: Failed to get path name. Error code: 3', main.rs:65:9
note: run with `RUST_BACKTRACE=1` environment variable to display a backtrace
Checking whether the ASM compiler is ADSP using "-version" did not match "Analog Devices":
thread 'main' panicked at 'assertion failed: `(left != right)`
  left: `0`,
 right: `0`: Failed to get path name. Error code: 3', main.rs:65:9
note: run with `RUST_BACKTRACE=1` environment variable to display a backtrace
Checking whether the ASM compiler is QCC using "-V" did not match "gcc_nto":
thread 'main' panicked at 'assertion failed: `(left != right)`
  left: `0`,
 right: `0`: Failed to get path name. Error code: 3', main.rs:65:9
note: run with `RUST_BACKTRACE=1` environment variable to display a backtrace
Detecting C compiler ABI info failed to compile with the following output:
Change Dir: E:/.Computer Lau/P3_ESP32/blink/build/CMakeFiles/CMakeTmp

Run Build Command(s):C:/Users/สรวิชญ์/.espressif/tools/ninja/1.11.1/ninja.exe cmTC_75af2 && [1/2] Building C object CMakeFiles\cmTC_75af2.dir\CMakeCCompilerABI.c.obj
FAILED: CMakeFiles/cmTC_75af2.dir/CMakeCCompilerABI.c.obj 
C:\Users\เธชเธฃเธงเธดเธเธเน\.espressif\tools\xtensa-esp-elf\esp-13.2.0_20240530\xtensa-esp-elf\bin\xtensa-esp32-elf-gcc.exe   -mlongcalls -Wno-frame-address  -fno-builtin-memcpy -fno-builtin-memset -fno-builtin-bzero -fno-builtin-stpcpy -fno-builtin-strncpy -o CMakeFiles\cmTC_75af2.dir\CMakeCCompilerABI.c.obj -c C:\Users\เธชเธฃเธงเธดเธเธเน\.espressif\tools\cmake\3.24.0\share\cmake-3.24\Modules\CMakeCCompilerABI.c
thread 'main' panicked at 'assertion failed: `(left != right)`
  left: `0`,
 right: `0`: Failed to get path name. Error code: 3', main.rs:65:9
note: run with `RUST_BACKTRACE=1` environment variable to display a backtrace
ninja: build stopped: subcommand failed.




Determining if the C compiler works failed with the following output:
Change Dir: E:/.Computer Lau/P3_ESP32/blink/build/CMakeFiles/CMakeTmp

Run Build Command(s):C:/Users/สรวิชญ์/.espressif/tools/ninja/1.11.1/ninja.exe cmTC_88fca && [1/2] Building C object CMakeFiles\cmTC_88fca.dir\testCCompiler.c.obj
FAILED: CMakeFiles/cmTC_88fca.dir/testCCompiler.c.obj 
C:\Users\เธชเธฃเธงเธดเธเธเน\.espressif\tools\xtensa-esp-elf\esp-13.2.0_20240530\xtensa-esp-elf\bin\xtensa-esp32-elf-gcc.exe   -mlongcalls -Wno-frame-address  -fno-builtin-memcpy -fno-builtin-memset -fno-builtin-bzero -fno-builtin-stpcpy -fno-builtin-strncpy -o CMakeFiles\cmTC_88fca.dir\testCCompiler.c.obj -c "E:\.Computer Lau\P3_ESP32\blink\build\CMakeFiles\CMakeTmp\testCCompiler.c"
thread 'main' panicked at 'assertion failed: `(left != right)`
  left: `0`,
 right: `0`: Failed to get path name. Error code: 3', main.rs:65:9
note: run with `RUST_BACKTRACE=1` environment variable to display a backtrace
ninja: build stopped: subcommand failed.



